<?xml version="1.0" encoding="UTF-8"?>
<!-- Generated by org.testng.reporters.JUnitXMLReporter -->
<testsuite hostname="evAbhijit" ignored="1" name="Default test" tests="1" failures="0" timestamp="07 Feb 2020 11:29:26 GMT" time="23.706" errors="0">
  <testcase name="Allocation" time="2.345" classname="restAssuredTests.Silkboard"/>
  <testcase name="Edit_Allocation" time="0.0" classname="restAssuredTests.Silkboard">
    <ignored/>
  </testcase> <!-- Edit_Allocation -->
</testsuite> <!-- Default test -->
