<?xml version="1.0" encoding="UTF-8"?>
<testng-results skipped="0" failed="0" ignored="0" total="0" passed="0">
  <reporter-output>
  </reporter-output>
  <suite name="restAssuredTests.TestNgBasic" duration-ms="8" started-at="2020-01-13T12:42:01Z" finished-at="2020-01-13T12:42:01Z">
    <groups>
    </groups>
    <test name="Command line test" duration-ms="8" started-at="2020-01-13T12:42:01Z" finished-at="2020-01-13T12:42:01Z">
    </test> <!-- Command line test -->
  </suite> <!-- restAssuredTests.TestNgBasic -->
</testng-results>
