<?xml version="1.0" encoding="UTF-8"?>
<testng-results skipped="0" failed="0" ignored="1" total="2" passed="1">
  <reporter-output>
  </reporter-output>
  <suite name="Default suite" duration-ms="23706" started-at="2020-02-07T11:29:02Z" finished-at="2020-02-07T11:29:26Z">
    <groups>
    </groups>
    <test name="Default test" duration-ms="23706" started-at="2020-02-07T11:29:02Z" finished-at="2020-02-07T11:29:26Z">
      <class name="restAssuredTests.Silkboard">
        <test-method status="PASS" signature="setUp()[pri:0, instance:restAssuredTests.Silkboard@31ef45e3]" name="setUp" is-config="true" duration-ms="17271" started-at="2020-02-07T11:29:02Z" finished-at="2020-02-07T11:29:20Z">
          <reporter-output>
          </reporter-output>
        </test-method> <!-- setUp -->
        <test-method status="PASS" signature="Allocation()[pri:0, instance:restAssuredTests.Silkboard@31ef45e3]" name="Allocation" duration-ms="2345" started-at="2020-02-07T11:29:20Z" finished-at="2020-02-07T11:29:22Z">
          <reporter-output>
          </reporter-output>
        </test-method> <!-- Allocation -->
        <test-method status="PASS" signature="tearDown()[pri:0, instance:restAssuredTests.Silkboard@31ef45e3]" name="tearDown" is-config="true" duration-ms="4028" started-at="2020-02-07T11:29:22Z" finished-at="2020-02-07T11:29:26Z">
          <reporter-output>
          </reporter-output>
        </test-method> <!-- tearDown -->
      </class> <!-- restAssuredTests.Silkboard -->
    </test> <!-- Default test -->
  </suite> <!-- Default suite -->
</testng-results>
